[Running: ./.watchexec.sh]
Changes detected, committing...
Working copy  (@) now at: nlputpuk 41d3fbe5 chore: Auto-commit flake changes
Parent commit (@-)      : wsypnukn 30168234 main | chore: Auto-commit flake changes
Moved 1 bookmarks to nlputpuk 8e068cc2 main* | chore: Auto-commit flake changes
Pushing to GitHub...
Changes to push to origin:
  Move forward bookmark main from 30168234cbd7 to 9026ecae0eaa
Warning: The working-copy commit in workspace 'default' became immutable, so a new commit has been created on top of it.
Working copy  (@) now at: zvmnyynz 1e761018 (empty) (no description set)
Parent commit (@-)      : nlputpuk 9026ecae main | chore: Auto-commit flake changes
✓ Changes committed and pushed successfully
[Command was successful]
[Running: ./.watchexec.sh]
Changes detected, committing...
Working copy  (@) now at: zvmnyynz e6fbf36b chore: Auto-commit flake changes
Parent commit (@-)      : nlputpuk 9026ecae main | chore: Auto-commit flake changes
Moved 1 bookmarks to zvmnyynz 0607dcf8 main* | chore: Auto-commit flake changes
Pushing to GitHub...
Changes to push to origin:
  Move forward bookmark main from 9026ecae0eaa to 295825ebd497
Warning: The working-copy commit in workspace 'default' became immutable, so a new commit has been created on top of it.
Working copy  (@) now at: tsoztyvt cadb832b (empty) (no description set)
Parent commit (@-)      : zvmnyynz 295825eb main | chore: Auto-commit flake changes
✓ Changes committed and pushed successfully
[Command was successful]
[Running: ./.watchexec.sh]
Changes detected, committing...
Working copy  (@) now at: tsoztyvt 0356ada0 chore: Auto-commit flake changes
Parent commit (@-)      : zvmnyynz 295825eb main | chore: Auto-commit flake changes
Moved 1 bookmarks to tsoztyvt ab3afbd5 main* | chore: Auto-commit flake changes
Pushing to GitHub...
Changes to push to origin:
  Move forward bookmark main from 295825ebd497 to 9d84d735593a
Warning: The working-copy commit in workspace 'default' became immutable, so a new commit has been created on top of it.
Working copy  (@) now at: tyznpnkm b08c4d98 (empty) (no description set)
Parent commit (@-)      : tsoztyvt 9d84d735 main | chore: Auto-commit flake changes
✓ Changes committed and pushed successfully
[Command was successful]
[Running: ./.watchexec.sh]
Changes detected, committing...
Working copy  (@) now at: tyznpnkm 8d510433 chore: Auto-commit flake changes
Parent commit (@-)      : tsoztyvt 9d84d735 main | chore: Auto-commit flake changes
Moved 1 bookmarks to tyznpnkm 227a81bb main* | chore: Auto-commit flake changes
Pushing to GitHub...
